<?xml version="1.0" encoding="UTF-8"?>
<!-- Generated by org.testng.reporters.JUnitReportReporter -->
<testsuite skipped="0" hostname="LAPTOP-4603CCJA" name="NewSdfc.phases.phase1Test" tests="4" failures="0" timestamp="07 Aug 2019 07:41:56 GMT" time="95.601" errors="0">
  <testcase name="TC2_loginError" time="22.739" classname="NewSdfc.phases.phase1Test"/>
  <testcase name="TC4B_loginError" time="28.121" classname="NewSdfc.phases.phase1Test"/>
  <testcase name="TC1_login" time="15.474" classname="NewSdfc.phases.phase1Test"/>
  <testcase name="TC3_CheckRememberme" time="29.267" classname="NewSdfc.phases.phase1Test"/>
</testsuite> <!-- NewSdfc.phases.phase1Test -->
