<?xml version="1.0" encoding="UTF-8"?>
<!-- Generated by org.testng.reporters.JUnitReportReporter -->
<testsuite skipped="0" hostname="LAPTOP-4603CCJA" name="NewSdfc.phases.phase1Test" tests="3" failures="0" timestamp="25 Jul 2019 17:07:45 GMT" time="63.879" errors="0">
  <testcase name="TC2_loginError" time="30.129" classname="NewSdfc.phases.phase1Test"/>
  <testcase name="TC1_login" time="12.206" classname="NewSdfc.phases.phase1Test"/>
  <testcase name="TC3_CheckRememberme" time="21.544" classname="NewSdfc.phases.phase1Test"/>
</testsuite> <!-- NewSdfc.phases.phase1Test -->
