<?xml version="1.0" encoding="UTF-8"?>
<!-- Generated by org.testng.reporters.JUnitReportReporter -->
<testsuite skipped="0" hostname="LAPTOP-4603CCJA" name="NewSdfc.phases.phase1Test" tests="4" failures="0" timestamp="07 Aug 2019 07:39:02 GMT" time="104.789" errors="0">
  <testcase name="TC2_loginError" time="34.175" classname="NewSdfc.phases.phase1Test"/>
  <testcase name="TC4B_loginError" time="26.596" classname="NewSdfc.phases.phase1Test"/>
  <testcase name="TC1_login" time="18.855" classname="NewSdfc.phases.phase1Test"/>
  <testcase name="TC3_CheckRememberme" time="25.163" classname="NewSdfc.phases.phase1Test"/>
</testsuite> <!-- NewSdfc.phases.phase1Test -->
